-0.800000 -0.800000
-0.800000 -0.533333
-0.800000 -0.266667
-0.800000 0.000000
-0.800000 0.266667
-0.800000 0.533333
-0.800000 0.800000
-0.533333 -0.800000
-0.533333 -0.533333
-0.533333 -0.266667
-0.533333 0.000000
-0.533333 0.266667
-0.533333 0.533333
-0.533333 0.800000
-0.266667 -0.800000
-0.266667 -0.533333
-0.266667 -0.266667
-0.266667 0.000000
-0.266667 0.266667
-0.266667 0.533333
-0.266667 0.800000
0.000000 -0.800000
0.000000 -0.533333
0.000000 -0.266667
0.000000 0.000000
0.000000 0.266667
0.000000 0.533333
0.000000 0.800000
0.266667 -0.800000
0.266667 -0.533333
0.266667 -0.266667
0.266667 0.000000
0.266667 0.266667
0.266667 0.533333
0.266667 0.800000
0.533333 -0.800000
0.533333 -0.533333
0.533333 -0.266667
0.533333 0.000000
0.533333 0.266667
0.533333 0.533333
0.533333 0.800000
0.800000 -0.800000
0.800000 -0.533333
0.800000 -0.266667
0.800000 0.000000
0.800000 0.266667
0.800000 0.533333
0.800000 0.800000
